# JRE version: OpenJDK Runtime Environment (11.0.10) (build 11.0.10+0-b96-7249189)
# Java VM: OpenJDK 64-Bit Server VM (11.0.10+0-b96-7249189, mixed mode, tiered, compressed oops, g1 gc, windows-amd64)
Heap:
 garbage-first heap   total 262144K, used 133725K [0x0000000080000000, 0x0000000100000000)
  region size 1024K, 21 young (21504K), 5 survivors (5120K)
 Metaspace       used 110470K, capacity 113070K, committed 113528K, reserved 1148928K
  class space    used 13871K, capacity 14854K, committed 15052K, reserved 1048576K
GC Heap History (20 events):
Event: 32.512 GC heap before
{Heap before GC invocations=8 (full 0):
 garbage-first heap   total 262144K, used 67579K [0x0000000080000000, 0x0000000100000000)
  region size 1024K, 37 young (37888K), 18 survivors (18432K)
 Metaspace       used 58662K, capacity 60200K, committed 60236K, reserved 1101824K
  class space    used 7422K, capacity 7982K, committed 8012K, reserved 1048576K
}
Event: 32.533 GC heap after
{Heap after GC invocations=9 (full 0):
 garbage-first heap   total 262144K, used 52636K [0x0000000080000000, 0x0000000100000000)
  region size 1024K, 3 young (3072K), 3 survivors (3072K)
 Metaspace       used 58662K, capacity 60200K, committed 60236K, reserved 1101824K
  class space    used 7422K, capacity 7982K, committed 8012K, reserved 1048576K
}
Event: 33.746 GC heap before
{Heap before GC invocations=10 (full 0):
 garbage-first heap   total 262144K, used 141724K [0x0000000080000000, 0x0000000100000000)
  region size 1024K, 90 young (92160K), 3 survivors (3072K)
 Metaspace       used 65900K, capacity 67413K, committed 67532K, reserved 1107968K
  class space    used 8332K, capacity 8874K, committed 8908K, reserved 1048576K
}
Event: 33.755 GC heap after
{Heap after GC invocations=11 (full 0):
 garbage-first heap   total 262144K, used 56949K [0x0000000080000000, 0x0000000100000000)
  region size 1024K, 8 young (8192K), 8 survivors (8192K)
 Metaspace       used 65900K, capacity 67413K, committed 67532K, reserved 1107968K
  class space    used 8332K, capacity 8874K, committed 8908K, reserved 1048576K
}
Event: 35.022 GC heap before
{Heap before GC invocations=12 (full 0):
 garbage-first heap   total 262144K, used 152181K [0x0000000080000000, 0x0000000100000000)
  region size 1024K, 101 young (103424K), 8 survivors (8192K)
 Metaspace       used 72116K, capacity 73789K, committed 73932K, reserved 1114112K
  class space    used 9284K, capacity 9885K, committed 9932K, reserved 1048576K
}
Event: 35.034 GC heap after
{Heap after GC invocations=13 (full 0):
 garbage-first heap   total 262144K, used 64254K [0x0000000080000000, 0x0000000100000000)
  region size 1024K, 13 young (13312K), 13 survivors (13312K)
 Metaspace       used 72116K, capacity 73789K, committed 73932K, reserved 1114112K
  class space    used 9284K, capacity 9885K, committed 9932K, reserved 1048576K
}
Event: 36.597 GC heap before
{Heap before GC invocations=13 (full 0):
 garbage-first heap   total 262144K, used 163582K [0x0000000080000000, 0x0000000100000000)
  region size 1024K, 110 young (112640K), 13 survivors (13312K)
 Metaspace       used 81663K, capacity 83525K, committed 83788K, reserved 1122304K
  class space    used 10586K, capacity 11247K, committed 11340K, reserved 1048576K
}
Event: 36.613 GC heap after
{Heap after GC invocations=14 (full 0):
 garbage-first heap   total 262144K, used 71315K [0x0000000080000000, 0x0000000100000000)
  region size 1024K, 14 young (14336K), 14 survivors (14336K)
 Metaspace       used 81663K, capacity 83525K, committed 83788K, reserved 1122304K
  class space    used 10586K, capacity 11247K, committed 11340K, reserved 1048576K
}
Event: 39.302 GC heap before
{Heap before GC invocations=14 (full 0):
 garbage-first heap   total 262144K, used 173715K [0x0000000080000000, 0x0000000100000000)
  region size 1024K, 113 young (115712K), 14 survivors (14336K)
 Metaspace       used 85761K, capacity 87838K, committed 88012K, reserved 1126400K
  class space    used 11072K, capacity 11878K, committed 11980K, reserved 1048576K
}
Event: 39.319 GC heap after
{Heap after GC invocations=15 (full 0):
 garbage-first heap   total 262144K, used 83180K [0x0000000080000000, 0x0000000100000000)
  region size 1024K, 15 young (15360K), 15 survivors (15360K)
 Metaspace       used 85761K, capacity 87838K, committed 88012K, reserved 1126400K
  class space    used 11072K, capacity 11878K, committed 11980K, reserved 1048576K
}
Event: 41.634 GC heap before
{Heap before GC invocations=15 (full 0):
 garbage-first heap   total 262144K, used 195820K [0x0000000080000000, 0x0000000100000000)
  region size 1024K, 111 young (113664K), 15 survivors (15360K)
 Metaspace       used 91870K, capacity 94129K, committed 94284K, reserved 1130496K
  class space    used 11759K, capacity 12579K, committed 12620K, reserved 1048576K
}
Event: 41.653 GC heap after
{Heap after GC invocations=16 (full 0):
 garbage-first heap   total 262144K, used 96411K [0x0000000080000000, 0x0000000100000000)
  region size 1024K, 13 young (13312K), 13 survivors (13312K)
 Metaspace       used 91870K, capacity 94129K, committed 94284K, reserved 1130496K
  class space    used 11759K, capacity 12579K, committed 12620K, reserved 1048576K
}
Event: 45.396 GC heap before
{Heap before GC invocations=16 (full 0):
 garbage-first heap   total 262144K, used 188571K [0x0000000080000000, 0x0000000100000000)
  region size 1024K, 104 young (106496K), 13 survivors (13312K)
 Metaspace       used 95891K, capacity 98176K, committed 98380K, reserved 1134592K
  class space    used 12251K, capacity 13059K, committed 13132K, reserved 1048576K
}
Event: 45.407 GC heap after
{Heap after GC invocations=17 (full 0):
 garbage-first heap   total 262144K, used 101619K [0x0000000080000000, 0x0000000100000000)
  region size 1024K, 6 young (6144K), 6 survivors (6144K)
 Metaspace       used 95891K, capacity 98176K, committed 98380K, reserved 1134592K
  class space    used 12251K, capacity 13059K, committed 13132K, reserved 1048576K
}
Event: 50.108 GC heap before
{Heap before GC invocations=17 (full 0):
 garbage-first heap   total 262144K, used 194803K [0x0000000080000000, 0x0000000100000000)
  region size 1024K, 98 young (100352K), 6 survivors (6144K)
 Metaspace       used 99387K, capacity 101685K, committed 101836K, reserved 1138688K
  class space    used 12659K, capacity 13499K, committed 13516K, reserved 1048576K
}
Event: 50.118 GC heap after
{Heap after GC invocations=18 (full 0):
 garbage-first heap   total 262144K, used 107323K [0x0000000080000000, 0x0000000100000000)
  region size 1024K, 12 young (12288K), 12 survivors (12288K)
 Metaspace       used 99387K, capacity 101685K, committed 101836K, reserved 1138688K
  class space    used 12659K, capacity 13499K, committed 13516K, reserved 1048576K
}
Event: 74.696 GC heap before
{Heap before GC invocations=18 (full 0):
 garbage-first heap   total 262144K, used 201531K [0x0000000080000000, 0x0000000100000000)
  region size 1024K, 103 young (105472K), 12 survivors (12288K)
 Metaspace       used 102551K, capacity 105122K, committed 105164K, reserved 1140736K
  class space    used 13069K, capacity 14012K, committed 14028K, reserved 1048576K
}
Event: 74.709 GC heap after
{Heap after GC invocations=19 (full 0):
 garbage-first heap   total 262144K, used 116294K [0x0000000080000000, 0x0000000100000000)
  region size 1024K, 13 young (13312K), 13 survivors (13312K)
 Metaspace       used 102551K, capacity 105122K, committed 105164K, reserved 1140736K
  class space    used 13069K, capacity 14012K, committed 14028K, reserved 1048576K
}
Event: 75.520 GC heap before
{Heap before GC invocations=19 (full 0):
 garbage-first heap   total 262144K, used 171590K [0x0000000080000000, 0x0000000100000000)
  region size 1024K, 61 young (62464K), 13 survivors (13312K)
 Metaspace       used 109623K, capacity 112358K, committed 112460K, reserved 1146880K
  class space    used 13829K, capacity 14855K, committed 14924K, reserved 1048576K
}
Event: 75.531 GC heap after
{Heap after GC invocations=20 (full 0):
 garbage-first heap   total 262144K, used 121437K [0x0000000080000000, 0x0000000100000000)
  region size 1024K, 5 young (5120K), 5 survivors (5120K)
 Metaspace       used 109623K, capacity 112358K, committed 112460K, reserved 1146880K
  class space    used 13829K, capacity 14855K, committed 14924K, reserved 1048576K
}

