# JRE version: OpenJDK Runtime Environment (11.0.11+9) (build 11.0.11+9-b60-7590822)
# Java VM: OpenJDK 64-Bit Server VM (11.0.11+9-b60-7590822, mixed mode, tiered, compressed oops, g1 gc, windows-amd64)
Heap:
 garbage-first heap   total 262144K, used 209920K [0x0000000080000000, 0x0000000100000000)
  region size 1024K, 113 young (115712K), 14 survivors (14336K)
 Metaspace       used 107094K, capacity 109783K, committed 109936K, reserved 1144832K
  class space    used 13576K, capacity 14561K, committed 14616K, reserved 1048576K
GC Heap History (20 events):
Event: 5.160 GC heap before
{Heap before GC invocations=4 (full 0):
 garbage-first heap   total 262144K, used 64624K [0x0000000080000000, 0x0000000100000000)
  region size 1024K, 49 young (50176K), 3 survivors (3072K)
 Metaspace       used 34875K, capacity 35654K, committed 35708K, reserved 1081344K
  class space    used 4536K, capacity 4862K, committed 4864K, reserved 1048576K
}
Event: 5.168 GC heap after
{Heap after GC invocations=5 (full 0):
 garbage-first heap   total 262144K, used 22586K [0x0000000080000000, 0x0000000100000000)
  region size 1024K, 6 young (6144K), 6 survivors (6144K)
 Metaspace       used 34875K, capacity 35654K, committed 35708K, reserved 1081344K
  class space    used 4536K, capacity 4862K, committed 4864K, reserved 1048576K
}
Event: 7.179 GC heap before
{Heap before GC invocations=6 (full 0):
 garbage-first heap   total 262144K, used 139322K [0x0000000080000000, 0x0000000100000000)
  region size 1024K, 117 young (119808K), 6 survivors (6144K)
 Metaspace       used 44454K, capacity 45470K, committed 45640K, reserved 1089536K
  class space    used 5694K, capacity 6075K, committed 6092K, reserved 1048576K
}
Event: 7.190 GC heap after
{Heap after GC invocations=7 (full 0):
 garbage-first heap   total 262144K, used 29491K [0x0000000080000000, 0x0000000100000000)
  region size 1024K, 13 young (13312K), 13 survivors (13312K)
 Metaspace       used 44454K, capacity 45470K, committed 45640K, reserved 1089536K
  class space    used 5694K, capacity 6075K, committed 6092K, reserved 1048576K
}
Event: 10.264 GC heap before
{Heap before GC invocations=7 (full 0):
 garbage-first heap   total 262144K, used 164659K [0x0000000080000000, 0x0000000100000000)
  region size 1024K, 137 young (140288K), 13 survivors (13312K)
 Metaspace       used 52312K, capacity 53654K, committed 53960K, reserved 1095680K
  class space    used 6642K, capacity 7181K, committed 7244K, reserved 1048576K
}
Event: 10.278 GC heap after
{Heap after GC invocations=8 (full 0):
 garbage-first heap   total 262144K, used 49721K [0x0000000080000000, 0x0000000100000000)
  region size 1024K, 18 young (18432K), 18 survivors (18432K)
 Metaspace       used 52312K, capacity 53654K, committed 53960K, reserved 1095680K
  class space    used 6642K, capacity 7181K, committed 7244K, reserved 1048576K
}
Event: 11.091 GC heap before
{Heap before GC invocations=8 (full 0):
 garbage-first heap   total 262144K, used 90681K [0x0000000080000000, 0x0000000100000000)
  region size 1024K, 59 young (60416K), 18 survivors (18432K)
 Metaspace       used 58538K, capacity 59916K, committed 60068K, reserved 1101824K
  class space    used 7427K, capacity 7943K, committed 8012K, reserved 1048576K
}
Event: 11.110 GC heap after
{Heap after GC invocations=9 (full 0):
 garbage-first heap   total 262144K, used 52518K [0x0000000080000000, 0x0000000100000000)
  region size 1024K, 3 young (3072K), 3 survivors (3072K)
 Metaspace       used 58538K, capacity 59916K, committed 60068K, reserved 1101824K
  class space    used 7427K, capacity 7943K, committed 8012K, reserved 1048576K
}
Event: 13.021 GC heap before
{Heap before GC invocations=10 (full 0):
 garbage-first heap   total 262144K, used 190758K [0x0000000080000000, 0x0000000100000000)
  region size 1024K, 138 young (141312K), 3 survivors (3072K)
 Metaspace       used 67422K, capacity 69034K, committed 69232K, reserved 1110016K
  class space    used 8548K, capacity 9130K, committed 9240K, reserved 1048576K
}
Event: 13.030 GC heap after
{Heap after GC invocations=11 (full 0):
 garbage-first heap   total 262144K, used 60710K [0x0000000080000000, 0x0000000100000000)
  region size 1024K, 11 young (11264K), 11 survivors (11264K)
 Metaspace       used 67422K, capacity 69034K, committed 69232K, reserved 1110016K
  class space    used 8548K, capacity 9130K, committed 9240K, reserved 1048576K
}
Event: 14.911 GC heap before
{Heap before GC invocations=11 (full 0):
 garbage-first heap   total 262144K, used 193830K [0x0000000080000000, 0x0000000100000000)
  region size 1024K, 141 young (144384K), 11 survivors (11264K)
 Metaspace       used 78839K, capacity 80659K, committed 81008K, reserved 1120256K
  class space    used 10254K, capacity 10936K, committed 11032K, reserved 1048576K
}
Event: 14.928 GC heap after
{Heap after GC invocations=12 (full 0):
 garbage-first heap   total 262144K, used 69578K [0x0000000080000000, 0x0000000100000000)
  region size 1024K, 9 young (9216K), 9 survivors (9216K)
 Metaspace       used 78839K, capacity 80659K, committed 81008K, reserved 1120256K
  class space    used 10254K, capacity 10936K, committed 11032K, reserved 1048576K
}
Event: 16.410 GC heap before
{Heap before GC invocations=12 (full 0):
 garbage-first heap   total 262144K, used 198602K [0x0000000080000000, 0x0000000100000000)
  region size 1024K, 136 young (139264K), 9 survivors (9216K)
 Metaspace       used 86124K, capacity 88402K, committed 88560K, reserved 1126400K
  class space    used 11262K, capacity 12150K, committed 12184K, reserved 1048576K
}
Event: 16.423 GC heap after
{Heap after GC invocations=13 (full 0):
 garbage-first heap   total 262144K, used 78848K [0x0000000080000000, 0x0000000100000000)
  region size 1024K, 17 young (17408K), 17 survivors (17408K)
 Metaspace       used 86124K, capacity 88402K, committed 88560K, reserved 1126400K
  class space    used 11262K, capacity 12150K, committed 12184K, reserved 1048576K
}
Event: 17.625 GC heap before
{Heap before GC invocations=13 (full 0):
 garbage-first heap   total 262144K, used 202752K [0x0000000080000000, 0x0000000100000000)
  region size 1024K, 139 young (142336K), 17 survivors (17408K)
 Metaspace       used 92492K, capacity 94856K, committed 94960K, reserved 1132544K
  class space    used 11999K, capacity 12865K, committed 12952K, reserved 1048576K
}
Event: 17.641 GC heap after
{Heap after GC invocations=14 (full 0):
 garbage-first heap   total 262144K, used 86039K [0x0000000080000000, 0x0000000100000000)
  region size 1024K, 16 young (16384K), 16 survivors (16384K)
 Metaspace       used 92492K, capacity 94856K, committed 94960K, reserved 1132544K
  class space    used 11999K, capacity 12865K, committed 12952K, reserved 1048576K
}
Event: 20.654 GC heap before
{Heap before GC invocations=14 (full 0):
 garbage-first heap   total 262144K, used 205847K [0x0000000080000000, 0x0000000100000000)
  region size 1024K, 134 young (137216K), 16 survivors (16384K)
 Metaspace       used 95283K, capacity 97760K, committed 97904K, reserved 1134592K
  class space    used 12299K, capacity 13233K, committed 13336K, reserved 1048576K
}
Event: 20.678 GC heap after
{Heap after GC invocations=15 (full 0):
 garbage-first heap   total 262144K, used 94599K [0x0000000080000000, 0x0000000100000000)
  region size 1024K, 15 young (15360K), 15 survivors (15360K)
 Metaspace       used 95283K, capacity 97760K, committed 97904K, reserved 1134592K
  class space    used 12299K, capacity 13233K, committed 13336K, reserved 1048576K
}
Event: 21.871 GC heap before
{Heap before GC invocations=15 (full 0):
 garbage-first heap   total 262144K, used 160135K [0x0000000080000000, 0x0000000100000000)
  region size 1024K, 80 young (81920K), 15 survivors (15360K)
 Metaspace       used 98007K, capacity 100402K, committed 100592K, reserved 1136640K
  class space    used 12627K, capacity 13572K, committed 13720K, reserved 1048576K
}
Event: 21.894 GC heap after
{Heap after GC invocations=16 (full 0):
 garbage-first heap   total 262144K, used 100352K [0x0000000080000000, 0x0000000100000000)
  region size 1024K, 14 young (14336K), 14 survivors (14336K)
 Metaspace       used 98007K, capacity 100402K, committed 100592K, reserved 1136640K
  class space    used 12627K, capacity 13572K, committed 13720K, reserved 1048576K
}

