# JRE version: OpenJDK Runtime Environment (11.0.10) (build 11.0.10+0-b96-7249189)
# Java VM: OpenJDK 64-Bit Server VM (11.0.10+0-b96-7249189, mixed mode, tiered, compressed oops, g1 gc, windows-amd64)
Heap:
 garbage-first heap   total 276480K, used 161182K [0x0000000080000000, 0x0000000100000000)
  region size 1024K, 32 young (32768K), 8 survivors (8192K)
 Metaspace       used 155345K, capacity 160855K, committed 161456K, reserved 1189888K
  class space    used 18461K, capacity 20436K, committed 20760K, reserved 1048576K
GC Heap History (20 events):
Event: 3504.031 GC heap before
{Heap before GC invocations=191 (full 0):
 garbage-first heap   total 276480K, used 217043K [0x0000000080000000, 0x0000000100000000)
  region size 1024K, 80 young (81920K), 1 survivors (1024K)
 Metaspace       used 154977K, capacity 160549K, committed 161200K, reserved 1189888K
  class space    used 18456K, capacity 20431K, committed 20760K, reserved 1048576K
}
Event: 3504.041 GC heap after
{Heap after GC invocations=192 (full 0):
 garbage-first heap   total 276480K, used 142072K [0x0000000080000000, 0x0000000100000000)
  region size 1024K, 6 young (6144K), 6 survivors (6144K)
 Metaspace       used 154977K, capacity 160549K, committed 161200K, reserved 1189888K
  class space    used 18456K, capacity 20431K, committed 20760K, reserved 1048576K
}
Event: 3505.381 GC heap before
{Heap before GC invocations=193 (full 0):
 garbage-first heap   total 276480K, used 222968K [0x0000000080000000, 0x0000000100000000)
  region size 1024K, 84 young (86016K), 6 survivors (6144K)
 Metaspace       used 155068K, capacity 160620K, committed 161456K, reserved 1189888K
  class space    used 18456K, capacity 20431K, committed 20760K, reserved 1048576K
}
Event: 3505.397 GC heap after
{Heap after GC invocations=194 (full 0):
 garbage-first heap   total 276480K, used 159744K [0x0000000080000000, 0x0000000100000000)
  region size 1024K, 11 young (11264K), 11 survivors (11264K)
 Metaspace       used 155068K, capacity 160620K, committed 161456K, reserved 1189888K
  class space    used 18456K, capacity 20431K, committed 20760K, reserved 1048576K
}
Event: 3505.428 GC heap before
{Heap before GC invocations=194 (full 0):
 garbage-first heap   total 276480K, used 161792K [0x0000000080000000, 0x0000000100000000)
  region size 1024K, 13 young (13312K), 11 survivors (11264K)
 Metaspace       used 155069K, capacity 160620K, committed 161456K, reserved 1189888K
  class space    used 18456K, capacity 20431K, committed 20760K, reserved 1048576K
}
Event: 3505.450 GC heap after
{Heap after GC invocations=195 (full 0):
 garbage-first heap   total 276480K, used 147181K [0x0000000080000000, 0x0000000100000000)
  region size 1024K, 2 young (2048K), 2 survivors (2048K)
 Metaspace       used 155069K, capacity 160620K, committed 161456K, reserved 1189888K
  class space    used 18456K, capacity 20431K, committed 20760K, reserved 1048576K
}
Event: 3506.667 GC heap before
{Heap before GC invocations=195 (full 0):
 garbage-first heap   total 276480K, used 210669K [0x0000000080000000, 0x0000000100000000)
  region size 1024K, 66 young (67584K), 2 survivors (2048K)
 Metaspace       used 155160K, capacity 160763K, committed 161456K, reserved 1189888K
  class space    used 18457K, capacity 20433K, committed 20760K, reserved 1048576K
}
Event: 3506.676 GC heap after
{Heap after GC invocations=196 (full 0):
 garbage-first heap   total 276480K, used 150066K [0x0000000080000000, 0x0000000100000000)
  region size 1024K, 4 young (4096K), 4 survivors (4096K)
 Metaspace       used 155160K, capacity 160763K, committed 161456K, reserved 1189888K
  class space    used 18457K, capacity 20433K, committed 20760K, reserved 1048576K
}
Event: 3513.059 GC heap before
{Heap before GC invocations=197 (full 0):
 garbage-first heap   total 276480K, used 226866K [0x0000000080000000, 0x0000000100000000)
  region size 1024K, 76 young (77824K), 4 survivors (4096K)
 Metaspace       used 155204K, capacity 160764K, committed 161456K, reserved 1189888K
  class space    used 18459K, capacity 20433K, committed 20760K, reserved 1048576K
}
Event: 3513.065 GC heap after
{Heap after GC invocations=198 (full 0):
 garbage-first heap   total 276480K, used 148598K [0x0000000080000000, 0x0000000100000000)
  region size 1024K, 3 young (3072K), 3 survivors (3072K)
 Metaspace       used 155204K, capacity 160764K, committed 161456K, reserved 1189888K
  class space    used 18459K, capacity 20433K, committed 20760K, reserved 1048576K
}
Event: 3513.138 GC heap before
{Heap before GC invocations=198 (full 0):
 garbage-first heap   total 276480K, used 158838K [0x0000000080000000, 0x0000000100000000)
  region size 1024K, 13 young (13312K), 3 survivors (3072K)
 Metaspace       used 155212K, capacity 160764K, committed 161456K, reserved 1189888K
  class space    used 18459K, capacity 20433K, committed 20760K, reserved 1048576K
}
Event: 3513.153 GC heap after
{Heap after GC invocations=199 (full 0):
 garbage-first heap   total 276480K, used 141126K [0x0000000080000000, 0x0000000100000000)
  region size 1024K, 1 young (1024K), 1 survivors (1024K)
 Metaspace       used 155212K, capacity 160764K, committed 161456K, reserved 1189888K
  class space    used 18459K, capacity 20433K, committed 20760K, reserved 1048576K
}
Event: 3513.469 GC heap before
{Heap before GC invocations=199 (full 0):
 garbage-first heap   total 276480K, used 185158K [0x0000000080000000, 0x0000000100000000)
  region size 1024K, 45 young (46080K), 1 survivors (1024K)
 Metaspace       used 155241K, capacity 160851K, committed 161456K, reserved 1189888K
  class space    used 18460K, capacity 20436K, committed 20760K, reserved 1048576K
}
Event: 3513.475 GC heap after
{Heap after GC invocations=200 (full 0):
 garbage-first heap   total 276480K, used 141302K [0x0000000080000000, 0x0000000100000000)
  region size 1024K, 1 young (1024K), 1 survivors (1024K)
 Metaspace       used 155241K, capacity 160851K, committed 161456K, reserved 1189888K
  class space    used 18460K, capacity 20436K, committed 20760K, reserved 1048576K
}
Event: 3611.434 GC heap before
{Heap before GC invocations=201 (full 0):
 garbage-first heap   total 276480K, used 254966K [0x0000000080000000, 0x0000000100000000)
  region size 1024K, 85 young (87040K), 1 survivors (1024K)
 Metaspace       used 155327K, capacity 160855K, committed 161456K, reserved 1189888K
  class space    used 18461K, capacity 20436K, committed 20760K, reserved 1048576K
}
Event: 3611.438 GC heap after
{Heap after GC invocations=202 (full 0):
 garbage-first heap   total 276480K, used 138202K [0x0000000080000000, 0x0000000100000000)
  region size 1024K, 1 young (1024K), 1 survivors (1024K)
 Metaspace       used 155327K, capacity 160855K, committed 161456K, reserved 1189888K
  class space    used 18461K, capacity 20436K, committed 20760K, reserved 1048576K
}
Event: 3644.013 GC heap before
{Heap before GC invocations=202 (full 0):
 garbage-first heap   total 276480K, used 149466K [0x0000000080000000, 0x0000000100000000)
  region size 1024K, 13 young (13312K), 1 survivors (1024K)
 Metaspace       used 155332K, capacity 160855K, committed 161456K, reserved 1189888K
  class space    used 18461K, capacity 20436K, committed 20760K, reserved 1048576K
}
Event: 3644.023 GC heap after
{Heap after GC invocations=203 (full 0):
 garbage-first heap   total 276480K, used 129862K [0x0000000080000000, 0x0000000100000000)
  region size 1024K, 2 young (2048K), 2 survivors (2048K)
 Metaspace       used 155332K, capacity 160855K, committed 161456K, reserved 1189888K
  class space    used 18461K, capacity 20436K, committed 20760K, reserved 1048576K
}
Event: 3645.108 GC heap before
{Heap before GC invocations=203 (full 0):
 garbage-first heap   total 276480K, used 203590K [0x0000000080000000, 0x0000000100000000)
  region size 1024K, 76 young (77824K), 2 survivors (2048K)
 Metaspace       used 155345K, capacity 160855K, committed 161456K, reserved 1189888K
  class space    used 18461K, capacity 20436K, committed 20760K, reserved 1048576K
}
Event: 3645.125 GC heap after
{Heap after GC invocations=204 (full 0):
 garbage-first heap   total 276480K, used 135582K [0x0000000080000000, 0x0000000100000000)
  region size 1024K, 8 young (8192K), 8 survivors (8192K)
 Metaspace       used 155345K, capacity 160855K, committed 161456K, reserved 1189888K
  class space    used 18461K, capacity 20436K, committed 20760K, reserved 1048576K
}

